mode: set
robot_challenge/c-robotcli/robot_cli.go:33.47,35.3 1 0
robot_challenge/c-robotcli/robot_cli.go:43.47,48.33 4 1
robot_challenge/c-robotcli/robot_cli.go:48.33,51.4 2 1
robot_challenge/c-robotcli/robot_cli.go:52.3,53.17 2 1
robot_challenge/c-robotcli/robot_cli.go:53.17,56.4 2 1
robot_challenge/c-robotcli/robot_cli.go:59.3,60.58 2 1
robot_challenge/c-robotcli/robot_cli.go:69.47,74.33 4 1
robot_challenge/c-robotcli/robot_cli.go:74.33,77.4 2 1
robot_challenge/c-robotcli/robot_cli.go:78.3,79.17 2 1
robot_challenge/c-robotcli/robot_cli.go:79.17,82.4 2 1
robot_challenge/c-robotcli/robot_cli.go:85.3,86.58 2 1
robot_challenge/c-robotcli/robot_cli.go:95.47,102.10 4 1
robot_challenge/c-robotcli/robot_cli.go:102.10,105.4 2 1
robot_challenge/c-robotcli/robot_cli.go:107.3,111.13 3 1
robot_challenge/c-robotcli/robot_cli.go:111.13,112.54 1 1
robot_challenge/c-robotcli/robot_cli.go:112.54,113.19 1 0
robot_challenge/c-robotcli/robot_cli.go:113.19,115.6 1 0
robot_challenge/c-robotcli/robot_cli.go:126.47,129.33 3 1
robot_challenge/c-robotcli/robot_cli.go:129.33,132.4 2 0
robot_challenge/c-robotcli/robot_cli.go:134.3,134.62 1 1
robot_challenge/c-robotcli/robot_cli.go:134.62,137.4 2 1
robot_challenge/c-robotcli/robot_cli.go:138.3,138.49 1 1
robot_challenge/c-robotcli/robot_cli.go:147.54,149.17 2 1
robot_challenge/c-robotcli/robot_cli.go:149.17,151.4 1 0
robot_challenge/c-robotcli/robot_cli.go:152.3,153.17 2 1
robot_challenge/c-robotcli/robot_cli.go:153.17,155.4 1 0
robot_challenge/c-robotcli/robot_cli.go:156.3,156.46 1 1
robot_challenge/c-robotcli/robot_cli.go:165.47,172.10 4 0
robot_challenge/c-robotcli/robot_cli.go:172.10,175.4 2 0
robot_challenge/c-robotcli/robot_cli.go:177.3,177.50 1 0
robot_challenge/c-robotcli/robot_cli.go:177.50,180.4 2 0
robot_challenge/c-robotcli/robot_cli.go:181.3,181.70 1 0
robot_challenge/c-robotcli/robot_cli.go:189.47,190.20 1 1
robot_challenge/c-robotcli/robot_cli.go:190.20,193.4 2 0
robot_challenge/c-robotcli/robot_cli.go:196.3,202.13 4 1
robot_challenge/c-robotcli/robot_cli.go:202.13,205.8 3 1
robot_challenge/c-robotcli/robot_cli.go:205.8,206.12 1 1
robot_challenge/c-robotcli/robot_cli.go:207.21,215.25 4 1
robot_challenge/c-robotcli/robot_cli.go:216.17,218.12 2 1
robot_challenge/c-robotcli/robot_cli.go:222.3,222.66 1 1
robot_challenge/c-robotcli/robot_cli.go:230.47,231.21 1 1
robot_challenge/c-robotcli/robot_cli.go:231.21,234.4 2 0
robot_challenge/c-robotcli/robot_cli.go:235.3,236.24 2 1
robot_challenge/c-robotcli/robot_cli.go:241.13,250.2 8 1
robot_challenge/c-robotcli/robot_cli.go:252.13,260.22 4 0
robot_challenge/c-robotcli/robot_cli.go:260.22,262.43 1 0
robot_challenge/c-robotcli/robot_cli.go:262.43,265.4 2 0
robot_challenge/c-robotcli/robot_cli.go:266.3,266.9 1 0
robot_challenge/c-robotcli/robot_cli.go:270.2,275.6 5 0
robot_challenge/c-robotcli/robot_cli.go:275.6,278.20 1 0
robot_challenge/c-robotcli/robot_cli.go:278.20,283.4 2 0
robot_challenge/c-robotcli/robot_cli.go:286.3,290.17 3 0
robot_challenge/c-robotcli/robot_cli.go:290.17,292.12 2 0
robot_challenge/c-robotcli/robot_cli.go:296.3,297.18 2 0
robot_challenge/c-robotcli/robot_cli.go:297.18,298.12 1 0
robot_challenge/c-robotcli/robot_cli.go:302.3,302.39 1 0
robot_challenge/c-robotcli/robot_cli.go:302.39,304.21 1 0
robot_challenge/c-robotcli/robot_cli.go:304.21,306.5 1 0
robot_challenge/c-robotcli/robot_cli.go:307.4,308.10 2 0
robot_challenge/c-robotcli/robot_cli.go:312.3,320.43 3 0
robot_challenge/c-robotcli/robot_cli.go:320.43,323.4 1 0
