mode: set
robot_challenge/b-librobot/librobot/librobot_robot.go:41.108,67.2 9 1
robot_challenge/b-librobot/librobot/librobot_robot.go:70.53,76.9 4 1
robot_challenge/b-librobot/librobot/librobot_robot.go:76.9,78.3 1 1
robot_challenge/b-librobot/librobot/librobot_robot.go:81.2,81.9 1 1
robot_challenge/b-librobot/librobot/librobot_robot.go:82.18,82.18 0 0
robot_challenge/b-librobot/librobot/librobot_robot.go:84.10,85.18 1 1
robot_challenge/b-librobot/librobot/librobot_robot.go:89.2,90.12 2 1
robot_challenge/b-librobot/librobot/librobot_robot.go:94.47,98.2 3 1
robot_challenge/b-librobot/librobot/librobot_robot.go:102.35,104.21 2 1
robot_challenge/b-librobot/librobot/librobot_robot.go:104.21,107.3 2 0
robot_challenge/b-librobot/librobot/librobot_robot.go:108.2,112.6 4 1
robot_challenge/b-librobot/librobot/librobot_robot.go:112.6,113.10 1 1
robot_challenge/b-librobot/librobot/librobot_robot.go:114.30,119.17 4 1
robot_challenge/b-librobot/librobot/librobot_robot.go:120.23,122.10 2 0
robot_challenge/b-librobot/librobot/librobot_robot.go:128.50,136.18 5 1
robot_challenge/b-librobot/librobot/librobot_robot.go:136.18,138.3 1 1
robot_challenge/b-librobot/librobot/librobot_robot.go:140.2,140.31 1 1
robot_challenge/b-librobot/librobot/librobot_robot.go:140.31,141.10 1 1
robot_challenge/b-librobot/librobot/librobot_robot.go:142.24,145.11 2 1
robot_challenge/b-librobot/librobot/librobot_robot.go:146.54,146.54 0 1
robot_challenge/b-librobot/librobot/librobot_robot.go:147.12,147.12 0 0
robot_challenge/b-librobot/librobot/librobot_robot.go:150.4,150.10 1 1
robot_challenge/b-librobot/librobot/librobot_robot.go:151.11,151.11 0 1
robot_challenge/b-librobot/librobot/librobot_robot.go:155.3,156.17 2 1
robot_challenge/b-librobot/librobot/librobot_robot.go:156.17,158.11 2 1
robot_challenge/b-librobot/librobot/librobot_robot.go:159.29,159.29 0 1
robot_challenge/b-librobot/librobot/librobot_robot.go:160.12,160.12 0 0
robot_challenge/b-librobot/librobot/librobot_robot.go:163.4,163.10 1 1
robot_challenge/b-librobot/librobot/librobot_robot.go:167.3,167.10 1 1
robot_challenge/b-librobot/librobot/librobot_robot.go:168.44,168.44 0 1
robot_challenge/b-librobot/librobot/librobot_robot.go:169.11,169.11 0 1
robot_challenge/b-librobot/librobot/librobot_robot.go:175.3,175.35 1 1
robot_challenge/b-librobot/librobot/librobot_robot.go:177.2,177.72 1 1
robot_challenge/b-librobot/librobot/librobot_robot.go:182.52,193.13 7 1
robot_challenge/b-librobot/librobot/librobot_robot.go:194.11,195.9 1 1
robot_challenge/b-librobot/librobot/librobot_robot.go:196.11,197.9 1 1
robot_challenge/b-librobot/librobot/librobot_robot.go:198.11,199.9 1 1
robot_challenge/b-librobot/librobot/librobot_robot.go:200.11,201.9 1 1
robot_challenge/b-librobot/librobot/librobot_robot.go:203.11,204.23 1 1
robot_challenge/b-librobot/librobot/librobot_robot.go:204.23,206.4 1 1
robot_challenge/b-librobot/librobot/librobot_robot.go:208.3,208.39 1 1
robot_challenge/b-librobot/librobot/librobot_robot.go:208.39,210.4 1 1
robot_challenge/b-librobot/librobot/librobot_robot.go:211.3,211.80 1 1
robot_challenge/b-librobot/librobot/librobot_robot.go:213.11,214.23 1 1
robot_challenge/b-librobot/librobot/librobot_robot.go:214.23,216.4 1 1
robot_challenge/b-librobot/librobot/librobot_robot.go:217.3,217.39 1 1
robot_challenge/b-librobot/librobot/librobot_robot.go:217.39,219.4 1 1
robot_challenge/b-librobot/librobot/librobot_robot.go:220.3,220.80 1 1
robot_challenge/b-librobot/librobot/librobot_robot.go:223.21,225.9 2 1
robot_challenge/b-librobot/librobot/librobot_robot.go:226.21,228.9 2 1
robot_challenge/b-librobot/librobot/librobot_robot.go:229.21,231.9 2 1
robot_challenge/b-librobot/librobot/librobot_robot.go:232.21,234.9 2 1
robot_challenge/b-librobot/librobot/librobot_robot.go:236.10,237.48 1 1
robot_challenge/b-librobot/librobot/librobot_robot.go:241.2,241.64 1 1
robot_challenge/b-librobot/librobot/librobot_robot.go:241.64,243.3 1 1
robot_challenge/b-librobot/librobot/librobot_robot.go:246.2,246.84 1 1
robot_challenge/b-librobot/librobot/librobot_robot.go:246.84,249.3 1 1
robot_challenge/b-librobot/librobot/librobot_robot.go:252.2,260.12 6 1
robot_challenge/b-librobot/librobot/librobot_robot.go:264.39,266.22 1 1
robot_challenge/b-librobot/librobot/librobot_robot.go:266.22,268.3 1 1
robot_challenge/b-librobot/librobot/librobot_robot.go:270.2,270.49 1 1
robot_challenge/b-librobot/librobot/librobot_robot.go:270.49,272.3 1 1
robot_challenge/b-librobot/librobot/librobot_robot.go:273.2,275.12 3 1
robot_challenge/b-librobot/librobot/librobot_robot.go:279.39,281.23 1 1
robot_challenge/b-librobot/librobot/librobot_robot.go:281.23,283.3 1 1
robot_challenge/b-librobot/librobot/librobot_robot.go:285.2,285.48 1 1
robot_challenge/b-librobot/librobot/librobot_robot.go:285.48,287.3 1 1
robot_challenge/b-librobot/librobot/librobot_robot.go:288.2,290.12 3 1
robot_challenge/b-librobot/librobot/librobot_robot.go:294.44,297.29 2 1
robot_challenge/b-librobot/librobot/librobot_robot.go:297.29,298.15 1 1
robot_challenge/b-librobot/librobot/librobot_robot.go:298.15,300.4 1 1
robot_challenge/b-librobot/librobot/librobot_robot.go:302.2,302.13 1 1
robot_challenge/b-librobot/librobot/librobot_robot.go:306.46,313.31 4 1
robot_challenge/b-librobot/librobot/librobot_robot.go:313.31,316.35 1 1
robot_challenge/b-librobot/librobot/librobot_robot.go:316.35,318.4 1 1
robot_challenge/b-librobot/librobot/librobot_robot.go:320.3,320.42 1 1
robot_challenge/b-librobot/librobot/librobot_robot.go:320.42,325.4 3 1
robot_challenge/b-librobot/librobot/librobot_robot.go:327.3,327.91 1 1
robot_challenge/b-librobot/librobot/librobot_robot.go:327.91,329.11 1 1
robot_challenge/b-librobot/librobot/librobot_robot.go:330.74,332.16 2 1
robot_challenge/b-librobot/librobot/librobot_robot.go:333.74,335.16 2 1
robot_challenge/b-librobot/librobot/librobot_robot.go:336.74,338.16 2 1
robot_challenge/b-librobot/librobot/librobot_robot.go:339.74,341.16 2 1
robot_challenge/b-librobot/librobot/librobot_robot.go:343.9,345.20 1 1
robot_challenge/b-librobot/librobot/librobot_robot.go:345.20,347.5 1 1
robot_challenge/b-librobot/librobot/librobot_robot.go:348.4,348.17 1 1
robot_challenge/b-librobot/librobot/librobot_robot.go:353.2,353.18 1 1
robot_challenge/b-librobot/librobot/librobot_robot.go:353.18,355.3 1 1
robot_challenge/b-librobot/librobot/librobot_robot.go:357.2,357.22 1 1
robot_challenge/b-librobot/librobot/librobot_warehouse.go:18.31,27.2 3 1
robot_challenge/b-librobot/librobot/librobot_warehouse.go:31.41,41.2 3 1
robot_challenge/b-librobot/librobot/librobot_warehouse.go:56.42,61.29 4 1
robot_challenge/b-librobot/librobot/librobot_warehouse.go:61.29,63.3 1 1
robot_challenge/b-librobot/librobot/librobot_warehouse.go:64.2,64.18 1 1
robot_challenge/b-librobot/librobot/librobot_warehouse.go:69.84,72.9 2 1
robot_challenge/b-librobot/librobot/librobot_warehouse.go:72.9,74.3 1 0
robot_challenge/b-librobot/librobot/librobot_warehouse.go:76.2,83.48 4 1
robot_challenge/b-librobot/librobot/librobot_warehouse.go:83.48,85.3 1 1
robot_challenge/b-librobot/librobot/librobot_warehouse.go:86.2,86.41 1 1
robot_challenge/b-librobot/librobot/librobot_warehouse.go:86.41,88.3 1 1
robot_challenge/b-librobot/librobot/librobot_warehouse.go:90.2,93.19 2 1
robot_challenge/b-librobot/librobot/librobot_warehouse.go:93.19,96.3 1 1
robot_challenge/b-librobot/librobot/librobot_warehouse.go:96.8,98.3 1 1
robot_challenge/b-librobot/librobot/librobot_warehouse.go:100.2,119.19 5 1
robot_challenge/b-librobot/librobot/librobot_warehouse.go:125.92,128.9 2 1
robot_challenge/b-librobot/librobot/librobot_warehouse.go:128.9,130.3 1 0
robot_challenge/b-librobot/librobot/librobot_warehouse.go:132.2,139.48 4 1
robot_challenge/b-librobot/librobot/librobot_warehouse.go:139.48,141.3 1 1
robot_challenge/b-librobot/librobot/librobot_warehouse.go:142.2,142.41 1 1
robot_challenge/b-librobot/librobot/librobot_warehouse.go:142.41,144.3 1 1
robot_challenge/b-librobot/librobot/librobot_warehouse.go:145.2,147.19 2 1
robot_challenge/b-librobot/librobot/librobot_warehouse.go:147.19,150.3 1 1
robot_challenge/b-librobot/librobot/librobot_warehouse.go:150.8,152.3 1 1
robot_challenge/b-librobot/librobot/librobot_warehouse.go:155.2,175.19 5 1
robot_challenge/b-librobot/librobot/librobot_warehouse.go:179.57,180.20 1 1
robot_challenge/b-librobot/librobot/librobot_warehouse.go:180.20,182.3 1 1
robot_challenge/b-librobot/librobot/librobot_warehouse.go:184.2,187.34 3 1
robot_challenge/b-librobot/librobot/librobot_warehouse.go:187.34,189.3 1 1
robot_challenge/b-librobot/librobot/librobot_warehouse.go:191.2,191.23 1 1
robot_challenge/b-librobot/librobot/librobot_warehouse.go:191.23,193.3 1 1
robot_challenge/b-librobot/librobot/librobot_warehouse.go:194.2,196.12 3 1
robot_challenge/b-librobot/librobot/librobot_warehouse.go:200.57,201.20 1 1
robot_challenge/b-librobot/librobot/librobot_warehouse.go:201.20,203.3 1 1
robot_challenge/b-librobot/librobot/librobot_warehouse.go:205.2,208.34 3 1
robot_challenge/b-librobot/librobot/librobot_warehouse.go:208.34,210.3 1 1
robot_challenge/b-librobot/librobot/librobot_warehouse.go:212.2,212.24 1 1
robot_challenge/b-librobot/librobot/librobot_warehouse.go:212.24,214.3 1 1
robot_challenge/b-librobot/librobot/librobot_warehouse.go:215.2,217.12 3 1
robot_challenge/b-librobot/librobot/librobot_warehouse.go:221.20,225.2 1 0
robot_challenge/b-librobot/librobot/librobot_warehouse.go:228.59,231.9 2 1
robot_challenge/b-librobot/librobot/librobot_warehouse.go:231.9,233.3 1 0
robot_challenge/b-librobot/librobot/librobot_warehouse.go:236.2,237.22 2 1
robot_challenge/b-librobot/librobot/librobot_warehouse.go:237.22,239.26 2 1
robot_challenge/b-librobot/librobot/librobot_warehouse.go:239.26,243.21 2 1
robot_challenge/b-librobot/librobot/librobot_warehouse.go:243.21,244.26 1 1
robot_challenge/b-librobot/librobot/librobot_warehouse.go:244.26,246.6 1 1
robot_challenge/b-librobot/librobot/librobot_warehouse.go:252.2,252.35 1 1
robot_challenge/b-librobot/librobot/librobot_warehouse.go:252.35,254.47 2 1
robot_challenge/b-librobot/librobot/librobot_warehouse.go:254.47,258.22 3 1
robot_challenge/b-librobot/librobot/librobot_warehouse.go:258.22,261.5 1 0
robot_challenge/b-librobot/librobot/librobot_warehouse.go:261.10,261.44 1 1
robot_challenge/b-librobot/librobot/librobot_warehouse.go:261.44,263.5 1 1
robot_challenge/b-librobot/librobot/librobot_warehouse.go:264.4,264.35 1 1
robot_challenge/b-librobot/librobot/librobot_warehouse.go:269.2,272.42 3 1
robot_challenge/b-librobot/librobot/librobot_warehouse.go:272.42,273.39 1 1
robot_challenge/b-librobot/librobot/librobot_warehouse.go:273.39,275.4 1 1
robot_challenge/b-librobot/librobot/librobot_warehouse.go:276.3,276.28 1 1
robot_challenge/b-librobot/librobot/librobot_warehouse.go:278.2,280.29 2 1
